<?xml version="1.0" encoding="UTF-8"?>
<testsuite xmlns:xsi="http://www.w3.org/2001/XMLSchema-instance" xsi:noNamespaceSchemaLocation="https://maven.apache.org/surefire/maven-surefire-plugin/xsd/surefire-test-report.xsd" name="LoginCourierTest" time="7.762" tests="5" errors="0" skipped="0" failures="0">
  <properties>
[...]
</properties>
  <testcase name="loginCourierWithoutPassFailed" classname="LoginCourierTest" time="1.686"/>
  <testcase name="loginCourierWithIncorrectLoginFailed" classname="LoginCourierTest" time="1.484"/>
  <testcase name="loginCourierSuccess" classname="LoginCourierTest" time="1.514"/>
  <testcase name="loginCourierWithoutLoginFailed" classname="LoginCourierTest" time="1.559"/>
  <testcase name="loginCourierWithIncorrectPassFailed" classname="LoginCourierTest" time="1.513"/>
</testsuite>